<?xml version="1.0" encoding="UTF-8"?>
<!-- Generated by org.testng.reporters.JUnitXMLReporter -->
<testsuite hostname="DESKTOP-SI6A323" failures="0" tests="4" name="Test" time="49.397" errors="0" timestamp="29 Sep 2019 05:25:34 GMT">
  <testcase classname="SwdOtomation.testText" name="basePageNavigation" time="0.083"/>
  <testcase classname="SwdOtomation.HomepageTest" name="basePageNavigation" time="13.218"/>
  <testcase classname="SwdOtomation.HomepageTest" name="basePageNavigation" time="4.627"/>
  <testcase classname="SwdOtomation.testNavigation" name="basePageNavigation" time="0.06"/>
</testsuite> <!-- Test -->
