<?xml version="1.0" encoding="UTF-8"?>
<!-- Generated by org.testng.reporters.JUnitXMLReporter -->
<testsuite hostname="DESKTOP-SI6A323" failures="1" tests="1" name="validate text Test" time="14.606" errors="0" timestamp="30 Sep 2019 04:15:20 GMT">
  <testcase classname="SwdOtomation.testText" name="basePageNavigation" time="0.038">
    <failure type="junit.framework.ComparisonFailure" message="expected:&amp;lt;...123&amp;gt; but was:&amp;lt;...&amp;gt;">
      <![CDATA[junit.framework.ComparisonFailure: expected:<...123> but was:<...>
	at junit.framework.Assert.assertEquals(Assert.java:81)
	at junit.framework.Assert.assertEquals(Assert.java:87)
	at SwdOtomation.testText.basePageNavigation(testText.java:63)
... Removed 25 stack frames]]>
    </failure>
  </testcase> <!-- basePageNavigation -->
</testsuite> <!-- validate text Test -->
