<?xml version="1.0" encoding="UTF-8"?>
<testsuite xmlns:xsi="http://www.w3.org/2001/XMLSchema-instance" xsi:schemaLocation="https://maven.apache.org/surefire/maven-surefire-plugin/xsd/surefire-test-report.xsd" name="TestSuite" time="58.879" tests="6" errors="0" skipped="0" failures="3">
  <properties>
[...]
</properties>
  <testcase name="basePageNavigation" classname="SwdOtomation.HomepageTest" time="18.401"/>
  <testcase name="basePageNavigation" classname="SwdOtomation.HomepageTest" time="4.568"/>
  <testcase name="basePageNavigation" classname="SwdOtomation.testText" time="0.054">
    <failure message="expected:&lt;...123&gt; but was:&lt;...&gt;" type="junit.framework.ComparisonFailure"><![CDATA[junit.framework.ComparisonFailure: expected:<...123> but was:<...>
	at SwdOtomation.testText.basePageNavigation(testText.java:64)
]]></failure>
    <system-err><![CDATA[Starting ChromeDriver 77.0.3865.40 (f484704e052e0b556f8030b65b953dce96503217-refs/branch-heads/3865@{#442}) on port 26769
Only local connections are allowed.
Please protect ports used by ChromeDriver and related test frameworks to prevent access by malicious code.
[1569822166.035][WARNING]: Timed out connecting to Chrome, retrying...
Sep 30, 2019 12:42:48 AM org.openqa.selenium.remote.ProtocolHandshake createSession
INFO: Detected dialect: W3C
]]></system-err>
  </testcase>
  <testcase name="headerTest" classname="SwdOtomation.testText" time="0.034">
    <failure message="expected:&lt;aaaa&gt; but was:&lt;AN ACADEMY TO LEARN EVERYTHING ABOUT TESTING&gt;" type="junit.framework.ComparisonFailure"><![CDATA[junit.framework.ComparisonFailure: expected:<aaaa> but was:<AN ACADEMY TO LEARN EVERYTHING ABOUT TESTING>
	at SwdOtomation.testText.headerTest(testText.java:108)
]]></failure>
  </testcase>
  <testcase name="headerTest1" classname="SwdOtomation.testText" time="0.024">
    <failure message="expected:&lt;aaaa&gt; but was:&lt;AN ACADEMY TO LEARN EVERYTHING ABOUT TESTING&gt;" type="junit.framework.ComparisonFailure"><![CDATA[junit.framework.ComparisonFailure: expected:<aaaa> but was:<AN ACADEMY TO LEARN EVERYTHING ABOUT TESTING>
	at SwdOtomation.testText.headerTest1(testText.java:151)
]]></failure>
  </testcase>
  <testcase name="basePageNavigation" classname="SwdOtomation.testNavigation" time="0.105"/>
</testsuite>