<?xml version="1.0" encoding="UTF-8"?>
<testng-results ignored="0" total="0" passed="0" failed="0" skipped="0">
  <reporter-output>
  </reporter-output>
  <suite started-at="2019-10-01T00:42:08 CDT" name="Suite" finished-at="2019-10-01T00:42:08 CDT" duration-ms="210">
    <groups>
      <group name="cucumber">
        <method signature="AbstractTestNGCucumberTests.runScenario(cucumber.api.testng.PickleEventWrapper, cucumber.api.testng.CucumberFeatureWrapper)[pri:0, instance:cucumberOptions.testRunner@f0f2775]" name="runScenario" class="cucumber.api.testng.AbstractTestNGCucumberTests"/>
      </group> <!-- cucumber -->
    </groups>
    <test started-at="2019-10-01T00:42:08 CDT" name="login" finished-at="2019-10-01T00:42:08 CDT" duration-ms="210">
      <class name="cucumberOptions.testRunner">
        <test-method is-config="true" signature="setUpClass()[pri:0, instance:cucumberOptions.testRunner@f0f2775]" started-at="2019-10-01T00:42:08 CDT" name="setUpClass" finished-at="2019-10-01T00:42:08 CDT" duration-ms="139" status="PASS">
          <reporter-output>
          </reporter-output>
        </test-method> <!-- setUpClass -->
        <test-method is-config="true" signature="tearDownClass()[pri:0, instance:cucumberOptions.testRunner@f0f2775]" started-at="2019-10-01T00:42:08 CDT" name="tearDownClass" finished-at="2019-10-01T00:42:08 CDT" duration-ms="3" status="PASS">
          <reporter-output>
          </reporter-output>
        </test-method> <!-- tearDownClass -->
      </class> <!-- cucumberOptions.testRunner -->
    </test> <!-- login -->
  </suite> <!-- Suite -->
</testng-results>
